app/build/intermediates/manifest_merge_blame_file/debug/manifest-merger-blame-debug-report.txt
1<?xml version="1.0" encoding="utf-8"?>
2<manifest xmlns:android="http://schemas.android.com/apk/res/android"
3    package="br.hthenrique.mygoalskotlin"
4    android:versionCode="1"
5    android:versionName="1.0" >
6
7    <uses-sdk
8        android:minSdkVersion="21"
8-->src\main\AndroidManifest.xml
9        android:targetSdkVersion="30" />
9-->src\main\AndroidManifest.xml
10
11    <uses-permission android:name="android.permission.INTERNET" />
11-->[com.google.firebase:firebase-auth:21.0.1] AndroidManifest.xml:23:5-67
11-->[com.google.firebase:firebase-auth:21.0.1] AndroidManifest.xml:23:22-64
12    <uses-permission android:name="android.permission.ACCESS_NETWORK_STATE" />
12-->[com.google.firebase:firebase-auth:21.0.1] AndroidManifest.xml:24:5-79
12-->[com.google.firebase:firebase-auth:21.0.1] AndroidManifest.xml:24:22-76
13    <uses-permission android:name="android.permission.WAKE_LOCK" />
13-->[com.google.android.gms:play-services-measurement-api:20.0.2] AndroidManifest.xml:24:5-68
13-->[com.google.android.gms:play-services-measurement-api:20.0.2] AndroidManifest.xml:24:22-65
14    <uses-permission android:name="com.google.android.finsky.permission.BIND_GET_INSTALL_REFERRER_SERVICE" /> <!-- Include required permissions for Advertising Id -->
14-->[com.google.android.gms:play-services-measurement:20.0.2] AndroidManifest.xml:26:5-110
14-->[com.google.android.gms:play-services-measurement:20.0.2] AndroidManifest.xml:26:22-107
15    <uses-permission android:name="com.google.android.gms.permission.AD_ID" />
15-->[com.google.android.gms:play-services-ads-identifier:18.0.0] AndroidManifest.xml:23:5-79
15-->[com.google.android.gms:play-services-ads-identifier:18.0.0] AndroidManifest.xml:23:22-76
16
17    <application
17-->src\main\AndroidManifest.xml:5:5-26:19
18        android:allowBackup="true"
18-->src\main\AndroidManifest.xml:6:9-35
19        android:appComponentFactory="androidx.core.app.CoreComponentFactory"
19-->[androidx.core:core:1.5.0] AndroidManifest.xml:24:18-86
20        android:debuggable="true"
21        android:icon="@mipmap/ic_launcher"
21-->src\main\AndroidManifest.xml:7:9-43
22        android:label="@string/app_name"
22-->src\main\AndroidManifest.xml:8:9-41
23        android:roundIcon="@mipmap/ic_launcher_round"
23-->src\main\AndroidManifest.xml:9:9-54
24        android:supportsRtl="true"
24-->src\main\AndroidManifest.xml:10:9-35
25        android:testOnly="true"
26        android:theme="@style/Theme.MyGoalsKotlin" >
26-->src\main\AndroidManifest.xml:11:9-51
27        <activity
27-->src\main\AndroidManifest.xml:12:9-19:20
28            android:name="br.hthenrique.mygoalskotlin.UI.Splash.View.SplashActivity"
28-->src\main\AndroidManifest.xml:13:13-85
29            android:theme="@style/Theme.MyGoalsKotlinNoActionBar" >
29-->src\main\AndroidManifest.xml:14:13-66
30            <intent-filter>
30-->src\main\AndroidManifest.xml:15:13-18:29
31                <action android:name="android.intent.action.MAIN" />
31-->src\main\AndroidManifest.xml:16:17-69
31-->src\main\AndroidManifest.xml:16:25-66
32
33                <category android:name="android.intent.category.LAUNCHER" />
33-->src\main\AndroidManifest.xml:17:17-77
33-->src\main\AndroidManifest.xml:17:27-74
34            </intent-filter>
35        </activity>
36        <activity android:name="br.hthenrique.mygoalskotlin.UI.Register.View.RegisterActivity" />
36-->src\main\AndroidManifest.xml:20:9-98
36-->src\main\AndroidManifest.xml:20:19-95
37        <activity
37-->src\main\AndroidManifest.xml:21:9-22:69
38            android:name="br.hthenrique.mygoalskotlin.UI.Login.View.LoginActivity"
38-->src\main\AndroidManifest.xml:21:19-89
39            android:theme="@style/Theme.MyGoalsKotlinNoActionBar" />
39-->src\main\AndroidManifest.xml:22:13-66
40        <activity android:name="br.hthenrique.mygoalskotlin.UI.Main.View.MainActivity" />
40-->src\main\AndroidManifest.xml:23:9-90
40-->src\main\AndroidManifest.xml:23:19-87
41        <activity android:name="br.hthenrique.mygoalskotlin.UI.Profile.View.ProfileActivity" />
41-->src\main\AndroidManifest.xml:24:9-96
41-->src\main\AndroidManifest.xml:24:19-93
42        <activity android:name="br.hthenrique.mygoalskotlin.UI.Settings.View.SettingsActivity" />
42-->src\main\AndroidManifest.xml:25:9-98
42-->src\main\AndroidManifest.xml:25:19-95
43
44        <service
44-->[com.google.firebase:firebase-firestore-ktx:24.1.2] AndroidManifest.xml:12:9-18:19
45            android:name="com.google.firebase.components.ComponentDiscoveryService"
45-->[com.google.firebase:firebase-firestore-ktx:24.1.2] AndroidManifest.xml:13:13-84
46            android:directBootAware="true"
46-->[com.google.firebase:firebase-common:20.1.1] AndroidManifest.xml:35:13-43
47            android:exported="false" >
47-->[com.google.firebase:firebase-firestore-ktx:24.1.2] AndroidManifest.xml:14:13-37
48            <meta-data
48-->[com.google.firebase:firebase-firestore-ktx:24.1.2] AndroidManifest.xml:15:13-17:85
49                android:name="com.google.firebase.components:com.google.firebase.firestore.ktx.FirebaseFirestoreKtxRegistrar"
49-->[com.google.firebase:firebase-firestore-ktx:24.1.2] AndroidManifest.xml:16:17-126
50                android:value="com.google.firebase.components.ComponentRegistrar" />
50-->[com.google.firebase:firebase-firestore-ktx:24.1.2] AndroidManifest.xml:17:17-82
51            <meta-data
51-->[com.google.firebase:firebase-analytics-ktx:19.0.0] AndroidManifest.xml:11:13-13:85
52                android:name="com.google.firebase.components:com.google.firebase.analytics.ktx.FirebaseAnalyticsKtxRegistrar"
52-->[com.google.firebase:firebase-analytics-ktx:19.0.0] AndroidManifest.xml:12:17-126
53                android:value="com.google.firebase.components.ComponentRegistrar" />
53-->[com.google.firebase:firebase-analytics-ktx:19.0.0] AndroidManifest.xml:13:17-82
54            <meta-data
54-->[com.google.firebase:firebase-auth-ktx:21.0.1] AndroidManifest.xml:11:13-13:85
55                android:name="com.google.firebase.components:com.google.firebase.auth.ktx.FirebaseAuthKtxRegistrar"
55-->[com.google.firebase:firebase-auth-ktx:21.0.1] AndroidManifest.xml:12:17-116
56                android:value="com.google.firebase.components.ComponentRegistrar" />
56-->[com.google.firebase:firebase-auth-ktx:21.0.1] AndroidManifest.xml:13:17-82
57            <meta-data
57-->[com.google.firebase:firebase-common-ktx:20.1.1] AndroidManifest.xml:15:13-17:85
58                android:name="com.google.firebase.components:com.google.firebase.ktx.FirebaseCommonKtxRegistrar"
58-->[com.google.firebase:firebase-common-ktx:20.1.1] AndroidManifest.xml:16:17-113
59                android:value="com.google.firebase.components.ComponentRegistrar" />
59-->[com.google.firebase:firebase-common-ktx:20.1.1] AndroidManifest.xml:17:17-82
60            <meta-data
60-->[com.google.firebase:firebase-auth:21.0.1] AndroidManifest.xml:77:13-79:85
61                android:name="com.google.firebase.components:com.google.firebase.auth.FirebaseAuthRegistrar"
61-->[com.google.firebase:firebase-auth:21.0.1] AndroidManifest.xml:78:17-109
62                android:value="com.google.firebase.components.ComponentRegistrar" />
62-->[com.google.firebase:firebase-auth:21.0.1] AndroidManifest.xml:79:17-82
63            <meta-data
63-->[com.google.firebase:firebase-firestore:24.1.2] AndroidManifest.xml:20:13-22:85
64                android:name="com.google.firebase.components:com.google.firebase.firestore.FirestoreRegistrar"
64-->[com.google.firebase:firebase-firestore:24.1.2] AndroidManifest.xml:21:17-111
65                android:value="com.google.firebase.components.ComponentRegistrar" />
65-->[com.google.firebase:firebase-firestore:24.1.2] AndroidManifest.xml:22:17-82
66            <meta-data
66-->[com.google.android.gms:play-services-measurement-api:20.0.2] AndroidManifest.xml:30:13-32:85
67                android:name="com.google.firebase.components:com.google.firebase.analytics.connector.internal.AnalyticsConnectorRegistrar"
67-->[com.google.android.gms:play-services-measurement-api:20.0.2] AndroidManifest.xml:31:17-139
68                android:value="com.google.firebase.components.ComponentRegistrar" />
68-->[com.google.android.gms:play-services-measurement-api:20.0.2] AndroidManifest.xml:32:17-82
69            <meta-data
69-->[com.google.firebase:firebase-installations:17.0.0] AndroidManifest.xml:18:13-20:85
70                android:name="com.google.firebase.components:com.google.firebase.installations.FirebaseInstallationsRegistrar"
70-->[com.google.firebase:firebase-installations:17.0.0] AndroidManifest.xml:19:17-127
71                android:value="com.google.firebase.components.ComponentRegistrar" />
71-->[com.google.firebase:firebase-installations:17.0.0] AndroidManifest.xml:20:17-82
72        </service>
73        <service
73-->[androidx.room:room-runtime:2.3.0] AndroidManifest.xml:25:9-28:40
74            android:name="androidx.room.MultiInstanceInvalidationService"
74-->[androidx.room:room-runtime:2.3.0] AndroidManifest.xml:26:13-74
75            android:directBootAware="true"
75-->[androidx.room:room-runtime:2.3.0] AndroidManifest.xml:27:13-43
76            android:exported="false" />
76-->[androidx.room:room-runtime:2.3.0] AndroidManifest.xml:28:13-37
77
78        <activity
78-->[com.google.firebase:firebase-auth:21.0.1] AndroidManifest.xml:27:9-44:20
79            android:name="com.google.firebase.auth.internal.GenericIdpActivity"
79-->[com.google.firebase:firebase-auth:21.0.1] AndroidManifest.xml:28:13-80
80            android:excludeFromRecents="true"
80-->[com.google.firebase:firebase-auth:21.0.1] AndroidManifest.xml:29:13-46
81            android:exported="true"
81-->[com.google.firebase:firebase-auth:21.0.1] AndroidManifest.xml:30:13-36
82            android:launchMode="singleTask"
82-->[com.google.firebase:firebase-auth:21.0.1] AndroidManifest.xml:31:13-44
83            android:theme="@android:style/Theme.Translucent.NoTitleBar" >
83-->[com.google.firebase:firebase-auth:21.0.1] AndroidManifest.xml:32:13-72
84            <intent-filter>
84-->[com.google.firebase:firebase-auth:21.0.1] AndroidManifest.xml:33:13-43:29
85                <action android:name="android.intent.action.VIEW" />
85-->[com.google.firebase:firebase-auth:21.0.1] AndroidManifest.xml:34:17-69
85-->[com.google.firebase:firebase-auth:21.0.1] AndroidManifest.xml:34:25-66
86
87                <category android:name="android.intent.category.DEFAULT" />
87-->[com.google.firebase:firebase-auth:21.0.1] AndroidManifest.xml:36:17-76
87-->[com.google.firebase:firebase-auth:21.0.1] AndroidManifest.xml:36:27-73
88                <category android:name="android.intent.category.BROWSABLE" />
88-->[com.google.firebase:firebase-auth:21.0.1] AndroidManifest.xml:37:17-78
88-->[com.google.firebase:firebase-auth:21.0.1] AndroidManifest.xml:37:27-75
89
90                <data
90-->[com.google.firebase:firebase-auth:21.0.1] AndroidManifest.xml:39:17-42:51
91                    android:host="firebase.auth"
91-->[com.google.firebase:firebase-auth:21.0.1] AndroidManifest.xml:40:21-49
92                    android:path="/"
92-->[com.google.firebase:firebase-auth:21.0.1] AndroidManifest.xml:41:21-37
93                    android:scheme="genericidp" />
93-->[com.google.firebase:firebase-auth:21.0.1] AndroidManifest.xml:42:21-48
94            </intent-filter>
95        </activity>
96        <activity
96-->[com.google.firebase:firebase-auth:21.0.1] AndroidManifest.xml:45:9-62:20
97            android:name="com.google.firebase.auth.internal.RecaptchaActivity"
97-->[com.google.firebase:firebase-auth:21.0.1] AndroidManifest.xml:46:13-79
98            android:excludeFromRecents="true"
98-->[com.google.firebase:firebase-auth:21.0.1] AndroidManifest.xml:47:13-46
99            android:exported="true"
99-->[com.google.firebase:firebase-auth:21.0.1] AndroidManifest.xml:48:13-36
100            android:launchMode="singleTask"
100-->[com.google.firebase:firebase-auth:21.0.1] AndroidManifest.xml:49:13-44
101            android:theme="@android:style/Theme.Translucent.NoTitleBar" >
101-->[com.google.firebase:firebase-auth:21.0.1] AndroidManifest.xml:50:13-72
102            <intent-filter>
102-->[com.google.firebase:firebase-auth:21.0.1] AndroidManifest.xml:51:13-61:29
103                <action android:name="android.intent.action.VIEW" />
103-->[com.google.firebase:firebase-auth:21.0.1] AndroidManifest.xml:34:17-69
103-->[com.google.firebase:firebase-auth:21.0.1] AndroidManifest.xml:34:25-66
104
105                <category android:name="android.intent.category.DEFAULT" />
105-->[com.google.firebase:firebase-auth:21.0.1] AndroidManifest.xml:36:17-76
105-->[com.google.firebase:firebase-auth:21.0.1] AndroidManifest.xml:36:27-73
106                <category android:name="android.intent.category.BROWSABLE" />
106-->[com.google.firebase:firebase-auth:21.0.1] AndroidManifest.xml:37:17-78
106-->[com.google.firebase:firebase-auth:21.0.1] AndroidManifest.xml:37:27-75
107
108                <data
108-->[com.google.firebase:firebase-auth:21.0.1] AndroidManifest.xml:39:17-42:51
109                    android:host="firebase.auth"
109-->[com.google.firebase:firebase-auth:21.0.1] AndroidManifest.xml:40:21-49
110                    android:path="/"
110-->[com.google.firebase:firebase-auth:21.0.1] AndroidManifest.xml:41:21-37
111                    android:scheme="recaptcha" />
111-->[com.google.firebase:firebase-auth:21.0.1] AndroidManifest.xml:42:21-48
112            </intent-filter>
113        </activity>
114
115        <service
115-->[com.google.firebase:firebase-auth:21.0.1] AndroidManifest.xml:64:9-73:19
116            android:name="com.google.firebase.auth.api.fallback.service.FirebaseAuthFallbackService"
116-->[com.google.firebase:firebase-auth:21.0.1] AndroidManifest.xml:65:13-101
117            android:enabled="true"
117-->[com.google.firebase:firebase-auth:21.0.1] AndroidManifest.xml:66:13-35
118            android:exported="false" >
118-->[com.google.firebase:firebase-auth:21.0.1] AndroidManifest.xml:67:13-37
119            <intent-filter>
119-->[com.google.firebase:firebase-auth:21.0.1] AndroidManifest.xml:68:13-72:29
120                <action android:name="com.google.firebase.auth.api.gms.service.START" />
120-->[com.google.firebase:firebase-auth:21.0.1] AndroidManifest.xml:69:17-89
120-->[com.google.firebase:firebase-auth:21.0.1] AndroidManifest.xml:69:25-86
121
122                <category android:name="android.intent.category.DEFAULT" />
122-->[com.google.firebase:firebase-auth:21.0.1] AndroidManifest.xml:36:17-76
122-->[com.google.firebase:firebase-auth:21.0.1] AndroidManifest.xml:36:27-73
123            </intent-filter>
124        </service>
125
126        <provider
126-->[com.google.firebase:firebase-common:20.1.1] AndroidManifest.xml:26:9-31:39
127            android:name="com.google.firebase.provider.FirebaseInitProvider"
127-->[com.google.firebase:firebase-common:20.1.1] AndroidManifest.xml:27:13-77
128            android:authorities="br.hthenrique.mygoalskotlin.firebaseinitprovider"
128-->[com.google.firebase:firebase-common:20.1.1] AndroidManifest.xml:28:13-72
129            android:directBootAware="true"
129-->[com.google.firebase:firebase-common:20.1.1] AndroidManifest.xml:29:13-43
130            android:exported="false"
130-->[com.google.firebase:firebase-common:20.1.1] AndroidManifest.xml:30:13-37
131            android:initOrder="100" />
131-->[com.google.firebase:firebase-common:20.1.1] AndroidManifest.xml:31:13-36
132
133        <activity
133-->[com.google.android.gms:play-services-base:18.0.1] AndroidManifest.xml:20:9-22:45
134            android:name="com.google.android.gms.common.api.GoogleApiActivity"
134-->[com.google.android.gms:play-services-base:18.0.1] AndroidManifest.xml:20:19-85
135            android:exported="false"
135-->[com.google.android.gms:play-services-base:18.0.1] AndroidManifest.xml:22:19-43
136            android:theme="@android:style/Theme.Translucent.NoTitleBar" />
136-->[com.google.android.gms:play-services-base:18.0.1] AndroidManifest.xml:21:19-78
137
138        <receiver
138-->[com.google.android.gms:play-services-measurement:20.0.2] AndroidManifest.xml:29:9-33:20
139            android:name="com.google.android.gms.measurement.AppMeasurementReceiver"
139-->[com.google.android.gms:play-services-measurement:20.0.2] AndroidManifest.xml:30:13-85
140            android:enabled="true"
140-->[com.google.android.gms:play-services-measurement:20.0.2] AndroidManifest.xml:31:13-35
141            android:exported="false" >
141-->[com.google.android.gms:play-services-measurement:20.0.2] AndroidManifest.xml:32:13-37
142        </receiver>
143
144        <service
144-->[com.google.android.gms:play-services-measurement:20.0.2] AndroidManifest.xml:35:9-38:40
145            android:name="com.google.android.gms.measurement.AppMeasurementService"
145-->[com.google.android.gms:play-services-measurement:20.0.2] AndroidManifest.xml:36:13-84
146            android:enabled="true"
146-->[com.google.android.gms:play-services-measurement:20.0.2] AndroidManifest.xml:37:13-35
147            android:exported="false" />
147-->[com.google.android.gms:play-services-measurement:20.0.2] AndroidManifest.xml:38:13-37
148        <service
148-->[com.google.android.gms:play-services-measurement:20.0.2] AndroidManifest.xml:39:9-43:72
149            android:name="com.google.android.gms.measurement.AppMeasurementJobService"
149-->[com.google.android.gms:play-services-measurement:20.0.2] AndroidManifest.xml:40:13-87
150            android:enabled="true"
150-->[com.google.android.gms:play-services-measurement:20.0.2] AndroidManifest.xml:41:13-35
151            android:exported="false"
151-->[com.google.android.gms:play-services-measurement:20.0.2] AndroidManifest.xml:42:13-37
152            android:permission="android.permission.BIND_JOB_SERVICE" />
152-->[com.google.android.gms:play-services-measurement:20.0.2] AndroidManifest.xml:43:13-69
153
154        <meta-data
154-->[com.google.android.gms:play-services-basement:18.0.0] AndroidManifest.xml:21:9-23:69
155            android:name="com.google.android.gms.version"
155-->[com.google.android.gms:play-services-basement:18.0.0] AndroidManifest.xml:22:13-58
156            android:value="@integer/google_play_services_version" />
156-->[com.google.android.gms:play-services-basement:18.0.0] AndroidManifest.xml:23:13-66
157
158        <provider
158-->[androidx.lifecycle:lifecycle-process:2.2.0] AndroidManifest.xml:25:9-29:43
159            android:name="androidx.lifecycle.ProcessLifecycleOwnerInitializer"
159-->[androidx.lifecycle:lifecycle-process:2.2.0] AndroidManifest.xml:26:13-79
160            android:authorities="br.hthenrique.mygoalskotlin.lifecycle-process"
160-->[androidx.lifecycle:lifecycle-process:2.2.0] AndroidManifest.xml:27:13-69
161            android:exported="false"
161-->[androidx.lifecycle:lifecycle-process:2.2.0] AndroidManifest.xml:28:13-37
162            android:multiprocess="true" />
162-->[androidx.lifecycle:lifecycle-process:2.2.0] AndroidManifest.xml:29:13-40
163    </application>
164
165</manifest>